# JRE version: OpenJDK Runtime Environment Temurin-21.0.10+7 (21.0.10+7) (build 21.0.10+7-LTS)
# Java VM: OpenJDK 64-Bit Server VM Temurin-21.0.10+7 (21.0.10+7-LTS, mixed mode, sharing, tiered, compressed oops, compressed class ptrs, g1 gc, windows-amd64)
GC Precious Log:
 CardTable entry size: 512
 Card Set container configuration: InlinePtr #cards 5 size 8 Array Of Cards #cards 12 size 40 Howl #buckets 4 coarsen threshold 1843 Howl Bitmap #cards 512 size 80 coarsen threshold 460 Card regions per heap region 1 cards per card region 2048
 CPUs: 4 total, 4 available
 Memory: 7074M
 Large Page Support: Disabled
 NUMA Support: Disabled
 Compressed Oops: Enabled (32-bit)
 Heap Region Size: 1M
 Heap Min Capacity: 8M
 Heap Initial Capacity: 112M
 Heap Max Capacity: 1770M
 Pre-touch: Disabled
 Parallel Workers: 4
 Concurrent Workers: 1
 Concurrent Refinement Workers: 4
 Periodic GC: Disabled
Heap:
 garbage-first heap   total 72704K, used 54441K [0x0000000091600000, 0x0000000100000000)
  region size 1024K, 21 young (21504K), 3 survivors (3072K)
 Metaspace       used 92194K, committed 92992K, reserved 1179648K
  class space    used 12364K, committed 12736K, reserved 1048576K
GC Heap History (20 events):
Event: 29.390 GC heap before
{Heap before GC invocations=22 (full 0):
 garbage-first heap   total 63488K, used 58432K [0x0000000091600000, 0x0000000100000000)
  region size 1024K, 34 young (34816K), 4 survivors (4096K)
 Metaspace       used 62389K, committed 62976K, reserved 1114112K
  class space    used 8098K, committed 8384K, reserved 1048576K
}
Event: 29.403 GC heap after
{Heap after GC invocations=23 (full 0):
 garbage-first heap   total 63488K, used 28377K [0x0000000091600000, 0x0000000100000000)
  region size 1024K, 3 young (3072K), 3 survivors (3072K)
 Metaspace       used 62389K, committed 62976K, reserved 1114112K
  class space    used 8098K, committed 8384K, reserved 1048576K
}
Event: 30.402 GC heap before
{Heap before GC invocations=23 (full 0):
 garbage-first heap   total 63488K, used 58073K [0x0000000091600000, 0x0000000100000000)
  region size 1024K, 33 young (33792K), 3 survivors (3072K)
 Metaspace       used 65693K, committed 66368K, reserved 1114112K
  class space    used 8469K, committed 8768K, reserved 1048576K
}
Event: 30.409 GC heap after
{Heap after GC invocations=24 (full 0):
 garbage-first heap   total 64512K, used 28761K [0x0000000091600000, 0x0000000100000000)
  region size 1024K, 3 young (3072K), 3 survivors (3072K)
 Metaspace       used 65693K, committed 66368K, reserved 1114112K
  class space    used 8469K, committed 8768K, reserved 1048576K
}
Event: 31.466 GC heap before
{Heap before GC invocations=24 (full 0):
 garbage-first heap   total 64512K, used 58457K [0x0000000091600000, 0x0000000100000000)
  region size 1024K, 33 young (33792K), 3 survivors (3072K)
 Metaspace       used 69281K, committed 69888K, reserved 1114112K
  class space    used 9150K, committed 9408K, reserved 1048576K
}
Event: 31.472 GC heap after
{Heap after GC invocations=25 (full 0):
 garbage-first heap   total 64512K, used 28903K [0x0000000091600000, 0x0000000100000000)
  region size 1024K, 3 young (3072K), 3 survivors (3072K)
 Metaspace       used 69281K, committed 69888K, reserved 1114112K
  class space    used 9150K, committed 9408K, reserved 1048576K
}
Event: 32.573 GC heap before
{Heap before GC invocations=25 (full 0):
 garbage-first heap   total 64512K, used 59623K [0x0000000091600000, 0x0000000100000000)
  region size 1024K, 33 young (33792K), 3 survivors (3072K)
 Metaspace       used 72444K, committed 73024K, reserved 1114112K
  class space    used 9639K, committed 9920K, reserved 1048576K
}
Event: 32.581 GC heap after
{Heap after GC invocations=26 (full 0):
 garbage-first heap   total 64512K, used 29356K [0x0000000091600000, 0x0000000100000000)
  region size 1024K, 3 young (3072K), 3 survivors (3072K)
 Metaspace       used 72444K, committed 73024K, reserved 1114112K
  class space    used 9639K, committed 9920K, reserved 1048576K
}
Event: 34.604 GC heap before
{Heap before GC invocations=27 (full 0):
 garbage-first heap   total 64512K, used 60076K [0x0000000091600000, 0x0000000100000000)
  region size 1024K, 33 young (33792K), 3 survivors (3072K)
 Metaspace       used 74868K, committed 75456K, reserved 1179648K
  class space    used 10049K, committed 10304K, reserved 1048576K
}
Event: 34.616 GC heap after
{Heap after GC invocations=28 (full 0):
 garbage-first heap   total 64512K, used 30645K [0x0000000091600000, 0x0000000100000000)
  region size 1024K, 4 young (4096K), 4 survivors (4096K)
 Metaspace       used 74868K, committed 75456K, reserved 1179648K
  class space    used 10049K, committed 10304K, reserved 1048576K
}
Event: 36.299 GC heap before
{Heap before GC invocations=28 (full 0):
 garbage-first heap   total 64512K, used 60341K [0x0000000091600000, 0x0000000100000000)
  region size 1024K, 33 young (33792K), 4 survivors (4096K)
 Metaspace       used 77538K, committed 78208K, reserved 1179648K
  class space    used 10426K, committed 10688K, reserved 1048576K
}
Event: 36.315 GC heap after
{Heap after GC invocations=29 (full 0):
 garbage-first heap   total 68608K, used 32876K [0x0000000091600000, 0x0000000100000000)
  region size 1024K, 5 young (5120K), 5 survivors (5120K)
 Metaspace       used 77538K, committed 78208K, reserved 1179648K
  class space    used 10426K, committed 10688K, reserved 1048576K
}
Event: 37.853 GC heap before
{Heap before GC invocations=29 (full 0):
 garbage-first heap   total 68608K, used 63596K [0x0000000091600000, 0x0000000100000000)
  region size 1024K, 35 young (35840K), 5 survivors (5120K)
 Metaspace       used 80225K, committed 80960K, reserved 1179648K
  class space    used 10779K, committed 11136K, reserved 1048576K
}
Event: 37.867 GC heap after
{Heap after GC invocations=30 (full 0):
 garbage-first heap   total 70656K, used 34382K [0x0000000091600000, 0x0000000100000000)
  region size 1024K, 4 young (4096K), 4 survivors (4096K)
 Metaspace       used 80225K, committed 80960K, reserved 1179648K
  class space    used 10779K, committed 11136K, reserved 1048576K
}
Event: 48.562 GC heap before
{Heap before GC invocations=31 (full 0):
 garbage-first heap   total 70656K, used 64078K [0x0000000091600000, 0x0000000100000000)
  region size 1024K, 34 young (34816K), 4 survivors (4096K)
 Metaspace       used 83710K, committed 84480K, reserved 1179648K
  class space    used 11199K, committed 11584K, reserved 1048576K
}
Event: 48.575 GC heap after
{Heap after GC invocations=32 (full 0):
 garbage-first heap   total 70656K, used 35238K [0x0000000091600000, 0x0000000100000000)
  region size 1024K, 3 young (3072K), 3 survivors (3072K)
 Metaspace       used 83710K, committed 84480K, reserved 1179648K
  class space    used 11199K, committed 11584K, reserved 1048576K
}
Event: 73.917 GC heap before
{Heap before GC invocations=32 (full 0):
 garbage-first heap   total 70656K, used 64934K [0x0000000091600000, 0x0000000100000000)
  region size 1024K, 33 young (33792K), 3 survivors (3072K)
 Metaspace       used 86847K, committed 87616K, reserved 1179648K
  class space    used 11624K, committed 11968K, reserved 1048576K
}
Event: 73.929 GC heap after
{Heap after GC invocations=33 (full 0):
 garbage-first heap   total 71680K, used 36513K [0x0000000091600000, 0x0000000100000000)
  region size 1024K, 4 young (4096K), 4 survivors (4096K)
 Metaspace       used 86847K, committed 87616K, reserved 1179648K
  class space    used 11624K, committed 11968K, reserved 1048576K
}
Event: 237.558 GC heap before
{Heap before GC invocations=33 (full 0):
 garbage-first heap   total 71680K, used 65185K [0x0000000091600000, 0x0000000100000000)
  region size 1024K, 33 young (33792K), 4 survivors (4096K)
 Metaspace       used 90186K, committed 90944K, reserved 1179648K
  class space    used 12031K, committed 12352K, reserved 1048576K
}
Event: 237.572 GC heap after
{Heap after GC invocations=34 (full 0):
 garbage-first heap   total 72704K, used 38057K [0x0000000091600000, 0x0000000100000000)
  region size 1024K, 3 young (3072K), 3 survivors (3072K)
 Metaspace       used 90186K, committed 90944K, reserved 1179648K
  class space    used 12031K, committed 12352K, reserved 1048576K
}

